[16:28:12] Requiring external module babel-register
[16:28:15] Using gulpfile D:\Work\Repo\cenon-ebora-com-fullstack\gulpfile.babel.js
[16:28:15] Starting 'serve'...
[16:28:15] Starting 'clean:tmp'...
[16:28:15] Starting 'lint:scripts'...
[16:28:15] Starting 'lint:scripts:client'...
[16:28:15] Starting 'lint:scripts:server'...
[16:28:15] Starting 'inject'...
[16:28:15] Starting 'inject:less'...
[16:28:15] Starting 'inject:cms'...
[16:28:15] Starting 'copy:fonts:dev'...
[16:28:15] Starting 'env:all'...
[16:28:15] Finished 'env:all' after 5.56 ms
[16:28:15] Finished 'clean:tmp' after 53 ms
[16:28:16] gulp-inject 5 files into app.less.
[16:28:16] Finished 'inject:less' after 621 ms
[16:28:16] Finished 'inject:cms' after 705 ms
[16:28:16] Finished 'inject' after 723 ms
[16:28:18] 
D:\Work\Repo\cenon-ebora-com-fullstack\server\app.js
  16:17  warning  Unexpected string concatenation  prefer-template

D:\Work\Repo\cenon-ebora-com-fullstack\server\index.js
  4:11  warning  Unexpected use of process.env  no-process-env
  4:34  warning  Unexpected use of process.env  no-process-env

D:\Work\Repo\cenon-ebora-com-fullstack\server\routes.js
  25:33  warning  Unexpected string concatenation  prefer-template

D:\Work\Repo\cenon-ebora-com-fullstack\server\auth\auth.service.js
  22:37  warning  Unexpected string concatenation  prefer-template
  26:37  warning  Unexpected string concatenation  prefer-template

D:\Work\Repo\cenon-ebora-com-fullstack\server\config\express.js
  16:8   error    'lusca' is defined but never used  no-unused-vars
  39:20  warning  Unexpected string concatenation    prefer-template
  67:25  warning  Unexpected use of process.env      no-process-env
  97:14  warning  Unexpected string concatenation    prefer-template

D:\Work\Repo\cenon-ebora-com-fullstack\server\api\cms\cms.controller.js
   29:7  warning  Avoid using Function.prototype.apply, instead use Reflect.apply     prefer-reflect
   91:5  warning  Avoid using the delete keyword, instead use Reflect.deleteProperty  prefer-reflect
  102:5  warning  Avoid using the delete keyword, instead use Reflect.deleteProperty  prefer-reflect

D:\Work\Repo\cenon-ebora-com-fullstack\server\api\cms\cms.events.js
  28:20  warning  Unexpected string concatenation  prefer-template

D:\Work\Repo\cenon-ebora-com-fullstack\server\api\thing\thing.controller.js
   29:7  warning  Avoid using Function.prototype.apply, instead use Reflect.apply     prefer-reflect
   91:5  warning  Avoid using the delete keyword, instead use Reflect.deleteProperty  prefer-reflect
  102:5  warning  Avoid using the delete keyword, instead use Reflect.deleteProperty  prefer-reflect

D:\Work\Repo\cenon-ebora-com-fullstack\server\api\thing\thing.events.js
  28:22  warning  Unexpected string concatenation  prefer-template

D:\Work\Repo\cenon-ebora-com-fullstack\server\api\user\user.events.js
  28:21  warning  Unexpected string concatenation  prefer-template

D:\Work\Repo\cenon-ebora-com-fullstack\server\api\user\user.model.js
  162:15  warning  Use the rest parameters instead of 'arguments'  prefer-rest-params
  163:18  warning  Use the rest parameters instead of 'arguments'  prefer-rest-params
  165:22  warning  Use the rest parameters instead of 'arguments'  prefer-rest-params
  166:18  warning  Use the rest parameters instead of 'arguments'  prefer-rest-params
  206:14  warning  Unexpected sync method: 'pbkdf2Sync'            no-sync

✖ 24 problems (1 error, 23 warnings)

[16:28:18] Finished 'lint:scripts:server' after 2.3 s
[16:28:18] 
D:\Work\Repo\cenon-ebora-com-fullstack\client\app\home\home.component.js
  38:23  warning  Unexpected string concatenation  prefer-template

D:\Work\Repo\cenon-ebora-com-fullstack\client\app\main\main.component.js
  38:23  warning  Unexpected string concatenation  prefer-template

D:\Work\Repo\cenon-ebora-com-fullstack\client\components\auth\auth.service.js
  192:14  warning  Avoid using Function.prototype.apply, instead use Reflect.apply  prefer-reflect
  192:14  warning  use the spread operator instead of the '.apply()'                prefer-spread
  192:39  warning  Avoid using Function.prototype.apply, instead use Reflect.apply  prefer-reflect
  192:66  warning  Use the rest parameters instead of 'arguments'                   prefer-rest-params
  201:14  warning  Unexpected sync method: 'hasRoleSync'                            no-sync

D:\Work\Repo\cenon-ebora-com-fullstack\client\components\auth\interceptor.service.js
  12:40  warning  Unexpected string concatenation  prefer-template

D:\Work\Repo\cenon-ebora-com-fullstack\client\components\modal\modal.service.js
  42:22  warning  Avoid using Function.prototype.call, instead use Reflect.apply   prefer-reflect
  42:49  warning  Use the rest parameters instead of 'arguments'                   prefer-rest-params
  50:21  warning  Unexpected string concatenation                                  prefer-template
  68:13  warning  Avoid using Function.prototype.apply, instead use Reflect.apply  prefer-reflect

D:\Work\Repo\cenon-ebora-com-fullstack\client\components\socket\socket.service.js
  40:17  warning  Unexpected string concatenation  prefer-template
  62:17  warning  Unexpected string concatenation  prefer-template
  77:33  warning  Unexpected string concatenation  prefer-template
  78:33  warning  Unexpected string concatenation  prefer-template

D:\Work\Repo\cenon-ebora-com-fullstack\client\components\util\util.service.js
  59:99  warning  '===' should be placed at the beginning of the line  operator-linebreak

✖ 17 problems (0 errors, 17 warnings)

[16:28:18] Finished 'lint:scripts:client' after 2.35 s
[16:28:18] Finished 'lint:scripts' after 2.35 s
[16:28:18] Finished 'copy:fonts:dev' after 2.31 s
[16:28:18] Starting 'start:server'...
[16:28:18] Finished 'start:server' after 8.56 ms
[16:28:18] Starting 'start:client'...
[nodemon] 1.10.2
[nodemon] to restart at any time, enter `rs`
[nodemon] watching: D:\Work\Repo\cenon-ebora-com-fullstack\server/**/*
[nodemon] starting `node server`
Express server listening on 9000, in development mode
finished populating cms val { tag: 'DEMO_MESSAGE', message: 'Development Tools' }
finished populating cms val { tag: 'DEMO_MESSAGE2', message: 'Development Tools2' }
finished populating cms val { tag: 'DEMO_MESSAGE3', message: 'Development Tools' }
finished populating cms val { tag: 'DEMO_MESSAGE4', message: 'Development Tools2' }
[16:28:21] Finished 'start:client' after 3.23 s
[16:28:21] Starting 'watch'...
[16:28:21] Finished 'watch' after 34 ms
[16:28:21] Finished 'serve' after 5.63 s
finished populating users
webpack: wait until bundle finished: /socket.io-client/?EIO=3&transport=polling&t=LZTZ3Zx
[BS] Proxying: http://localhost:9000
[BS] Access URLs:
 -------------------------------------
       Local: http://localhost:3000
    External: http://192.168.56.1:3000
 -------------------------------------
          UI: http://localhost:3002
 UI External: http://192.168.56.1:3002
 -------------------------------------
webpack: wait until bundle finished: /socket.io-client/?EIO=3&transport=polling&t=LZTZ4Ip
webpack: wait until bundle finished: /
webpack done hook
Hash: [1m22beeb2ccaafc6d10a0b[22m
Version: webpack [1m1.13.2[22m
Time: [1m7805[22mms
                  [1mAsset[22m     [1mSize[22m  [1mChunks[22m  [1m[22m           [1mChunk Names[22m
          [1m[32mapp.bundle.js[39m[22m   444 kB       [1m0[22m  [1m[32m[emitted][39m[22m  app
    [1m[32mpolyfills.bundle.js[39m[22m   207 kB       [1m1[22m  [1m[32m[emitted][39m[22m  polyfills
       [1m[32mvendor.bundle.js[39m[22m  2.47 MB       [1m2[22m  [1m[32m[emitted][39m[22m  vendor
      [1m[32mapp.bundle.js.map[39m[22m   602 kB       [1m0[22m  [1m[32m[emitted][39m[22m  app
[1m[32mpolyfills.bundle.js.map[39m[22m   270 kB       [1m1[22m  [1m[32m[emitted][39m[22m  polyfills
   [1m[32mvendor.bundle.js.map[39m[22m  2.88 MB       [1m2[22m  [1m[32m[emitted][39m[22m  vendor
   [1m[32m../client/index.html[39m[22m  1.39 kB        [1m[22m  [1m[32m[emitted][39m[22m  
Child [1mhtml-webpack-plugin for "..\client\index.html"[22m:
                   [1mAsset[22m     [1mSize[22m  [1mChunks[22m  [1m[22m     [1mChunk Names[22m
    [1m[32m../client/index.html[39m[22m  2.69 kB       [1m0[22m  [1m[32m[39m[22m     
webpack: bundle is now VALID.
SocketIO / [127.0.0.1:26087] CONNECTED
SocketIO / [127.0.0.1:26088] CONNECTED
SocketIO / [127.0.0.1:26105] CONNECTED
SocketIO / [127.0.0.1:26104] CONNECTED
[0mGET /api/things [32m200 [0m28.505 ms - -[0m
SocketIO / [127.0.0.1:26131] CONNECTED
[0mGET /api/things [36m304 [0m5.228 ms - -[0m
SocketIO / [127.0.0.1:26143] CONNECTED
SocketIO / [127.0.0.1:26157] CONNECTED
SocketIO / [127.0.0.1:26105] DISCONNECTED
SocketIO / [127.0.0.1:26192] CONNECTED
[0mGET /api/things [36m304 [0m6.168 ms - -[0m
SocketIO / [127.0.0.1:26104] DISCONNECTED
SocketIO / [127.0.0.1:26143] DISCONNECTED
SocketIO / [127.0.0.1:26087] DISCONNECTED
SocketIO / [127.0.0.1:26131] DISCONNECTED
SocketIO / [127.0.0.1:26157] DISCONNECTED
[0mGET /api/things [36m304 [0m3.377 ms - -[0m
SocketIO / [127.0.0.1:26088] DISCONNECTED
[0mGET /api/things [36m304 [0m6.891 ms - -[0m
[0mGET /api/cms [32m200 [0m41.249 ms - 382[0m
webpack: bundle is now INVALID.
webpack done hook
Hash: [1m22beeb2ccaafc6d10a0b[22m
Version: webpack [1m1.13.2[22m
Time: [1m317[22mms
                  [1mAsset[22m     [1mSize[22m  [1mChunks[22m  [1m[22m     [1mChunk Names[22m
          [1m[32mapp.bundle.js[39m[22m   444 kB       [1m0[22m  [1m[32m[39m[22m     app
    [1m[32mpolyfills.bundle.js[39m[22m   207 kB       [1m1[22m  [1m[32m[39m[22m     polyfills
       [1m[32mvendor.bundle.js[39m[22m  2.47 MB       [1m2[22m  [1m[32m[39m[22m     vendor
      [1m[32mapp.bundle.js.map[39m[22m   602 kB       [1m0[22m  [1m[32m[39m[22m     app
[1m[32mpolyfills.bundle.js.map[39m[22m   270 kB       [1m1[22m  [1m[32m[39m[22m     polyfills
   [1m[32mvendor.bundle.js.map[39m[22m  2.88 MB       [1m2[22m  [1m[32m[39m[22m     vendor
Child [1mhtml-webpack-plugin for "..\client\index.html"[22m:
                   [1mAsset[22m     [1mSize[22m  [1mChunks[22m  [1m[22m     [1mChunk Names[22m
    [1m[32m../client/index.html[39m[22m  2.69 kB       [1m0[22m  [1m[32m[39m[22m     
webpack: bundle is now VALID.
SocketIO / [127.0.0.1:26192] DISCONNECTED
